#
# A fatal error has been detected by the Java Runtime Environment:
#
#  EXCEPTION_ACCESS_VIOLATION (0xc0000005) at pc=0x00007ff8021ac194, pid=17016, tid=11740
#
# JRE version: Java(TM) SE Runtime Environment (17.0.7+8) (build 17.0.7+8-LTS-224)
# Java VM: Java HotSpot(TM) 64-Bit Server VM (17.0.7+8-LTS-224, mixed mode, sharing, tiered, compressed oops, compressed class ptrs, g1 gc, windows-amd64)
# Problematic frame:
# C  [cyjagent.dll+0xc194]
#
# No core dump will be written. Minidumps are not enabled by default on client versions of Windows
#
# If you would like to submit a bug report, please visit:
#   https://bugreport.java.com/bugreport/crash.jsp
# The crash happened outside the Java Virtual Machine in native code.
# See problematic frame for where to report the bug.
#

---------------  S U M M A R Y ------------

Command Line: -ea -Didea.test.cyclic.buffer.size=1048576 -javaagent:C:\Program Files\JetBrains\IntelliJ IDEA Community Edition 2023.1.4\lib\idea_rt.jar=51582:C:\Program Files\JetBrains\IntelliJ IDEA Community Edition 2023.1.4\bin -Dfile.encoding=UTF-8 -agentpath:C:\Program Files\Palo Alto Networks\Traps\cyjagent.dll com.intellij.rt.junit.JUnitStarter -ideVersion5 -junit5 com.fssa.freshtime.services.TaskServiceTest,testUpdateInvalidTaskName

Host: Intel(R) Core(TM) i5-8350U CPU @ 1.70GHz, 8 cores, 7G,  Windows 11 , 64 bit Build 22621 (10.0.22621.1928)
Time: Tue Aug  1 22:44:43 2023 India Standard Time elapsed time: 1.111595 seconds (0d 0h 0m 1s)

---------------  T H R E A D  ---------------

Current thread (0x000001a93ea42120):  JavaThread "Attach Listener" daemon [_thread_in_native, id=11740, stack(0x0000004b2da00000,0x0000004b2db00000)]

Stack: [0x0000004b2da00000,0x0000004b2db00000],  sp=0x0000004b2dafdbb0,  free space=1014k
Native frames: (J=compiled Java code, j=interpreted, Vv=VM code, C=native code)
C  [cyjagent.dll+0xc194]

Java frames: (J=compiled Java code, j=interpreted, Vv=VM code)
j  sun.util.resources.Bundles.putBundleInCache(Lsun/util/resources/Bundles$CacheKey;Ljava/util/ResourceBundle;)Ljava/util/ResourceBundle;+8 java.base@17.0.7
j  sun.util.resources.Bundles.findBundleOf(Lsun/util/resources/Bundles$CacheKey;Lsun/util/resources/Bundles$Strategy;Ljava/lang/String;Ljava/util/List;I)Ljava/util/ResourceBundle;+434 java.base@17.0.7
j  sun.util.resources.Bundles.findBundleOf(Lsun/util/resources/Bundles$CacheKey;Lsun/util/resources/Bundles$Strategy;Ljava/lang/String;Ljava/util/List;I)Ljava/util/ResourceBundle;+37 java.base@17.0.7
j  sun.util.resources.Bundles.findBundleOf(Lsun/util/resources/Bundles$CacheKey;Lsun/util/resources/Bundles$Strategy;Ljava/lang/String;Ljava/util/List;I)Ljava/util/ResourceBundle;+37 java.base@17.0.7
j  sun.util.resources.Bundles.loadBundleOf(Ljava/lang/String;Ljava/util/Locale;Lsun/util/resources/Bundles$Strategy;)Ljava/util/ResourceBundle;+112 java.base@17.0.7
j  sun.util.resources.Bundles.of(Ljava/lang/String;Ljava/util/Locale;Lsun/util/resources/Bundles$Strategy;)Ljava/util/ResourceBundle;+3 java.base@17.0.7
j  sun.util.resources.LocaleData$1.run()Ljava/util/ResourceBundle;+11 java.base@17.0.7
j  sun.util.resources.LocaleData$1.run()Ljava/lang/Object;+1 java.base@17.0.7
J 769 c1 java.security.AccessController.doPrivileged(Ljava/security/PrivilegedAction;)Ljava/lang/Object; java.base@17.0.7 (9 bytes) @ 0x000001a927c49d44 [0x000001a927c49be0+0x0000000000000164]
j  sun.util.resources.LocaleData.getBundle(Ljava/lang/String;Ljava/util/Locale;)Ljava/util/ResourceBundle;+9 java.base@17.0.7
j  sun.util.resources.LocaleData.getTimeZoneNames(Ljava/util/Locale;)Lsun/util/resources/TimeZoneNamesBundle;+26 java.base@17.0.7
j  sun.util.locale.provider.LocaleResources.getTimeZoneNames(Ljava/lang/String;)Ljava/lang/Object;+70 java.base@17.0.7
j  sun.util.locale.provider.TimeZoneNameProviderImpl.getDisplayNameArray(Ljava/lang/String;Ljava/util/Locale;)[Ljava/lang/String;+22 java.base@17.0.7
j  sun.util.cldr.CLDRTimeZoneNameProviderImpl.getDisplayNameArray(Ljava/lang/String;Ljava/util/Locale;)[Ljava/lang/String;+3 java.base@17.0.7
j  sun.util.locale.provider.TimeZoneNameProviderImpl.getDisplayName(Ljava/lang/String;ZILjava/util/Locale;)Ljava/lang/String;+4 java.base@17.0.7
j  sun.util.locale.provider.TimeZoneNameUtility$TimeZoneNameGetter.getName(Ljava/util/spi/TimeZoneNameProvider;Ljava/util/Locale;Ljava/lang/String;ILjava/lang/String;)Ljava/lang/String;+126 java.base@17.0.7
j  sun.util.locale.provider.TimeZoneNameUtility$TimeZoneNameGetter.getObject(Ljava/util/spi/TimeZoneNameProvider;Ljava/util/Locale;Ljava/lang/String;[Ljava/lang/Object;)Ljava/lang/String;+49 java.base@17.0.7
j  sun.util.locale.provider.TimeZoneNameUtility$TimeZoneNameGetter.getObject(Ljava/util/spi/LocaleServiceProvider;Ljava/util/Locale;Ljava/lang/String;[Ljava/lang/Object;)Ljava/lang/Object;+9 java.base@17.0.7
j  sun.util.locale.provider.LocaleServiceProviderPool.getLocalizedObjectImpl(Lsun/util/locale/provider/LocaleServiceProviderPool$LocalizedObjectGetter;Ljava/util/Locale;ZLjava/lang/String;[Ljava/lang/Object;)Ljava/lang/Object;+93 java.base@17.0.7
j  sun.util.locale.provider.LocaleServiceProviderPool.getLocalizedObject(Lsun/util/locale/provider/LocaleServiceProviderPool$LocalizedObjectGetter;Ljava/util/Locale;Ljava/lang/String;[Ljava/lang/Object;)Ljava/lang/Object;+7 java.base@17.0.7
j  sun.util.locale.provider.TimeZoneNameUtility.retrieveDisplayNamesImpl(Ljava/lang/String;Ljava/util/Locale;)[Ljava/lang/String;+140 java.base@17.0.7
j  sun.util.locale.provider.TimeZoneNameUtility.retrieveDisplayName(Ljava/lang/String;ZILjava/util/Locale;)Ljava/lang/String;+2 java.base@17.0.7
j  java.util.TimeZone.getDisplayName(ZILjava/util/Locale;)Ljava/lang/String;+47 java.base@17.0.7
j  java.util.Date.toString()Ljava/lang/String;+150 java.base@17.0.7
j  java.util.Properties.store0(Ljava/io/BufferedWriter;Ljava/lang/String;Z)V+29 java.base@17.0.7
j  java.util.Properties.store(Ljava/io/OutputStream;Ljava/lang/String;)V+21 java.base@17.0.7
j  jdk.internal.vm.VMSupport.serializePropertiesToByteArray(Ljava/util/Properties;)[B+77 java.base@17.0.7
j  jdk.internal.vm.VMSupport.serializeAgentPropertiesToByteArray()[B+3 java.base@17.0.7
v  ~StubRoutines::call_stub

siginfo: EXCEPTION_ACCESS_VIOLATION (0xc0000005), reading address 0x0000000000000000


Register to memory mapping:

RIP=0x00007ff8021ac194 cyjagent.dll
RAX=0x0 is NULL
RBX=0x000001a93ea423c8 points into unknown readable memory: 0x00007fffbd4d0660 | 60 06 4d bd ff 7f 00 00
RCX=0x0 is NULL
RDX=0x000001a91e899b40 points into unknown readable memory: 0x000001a93ea42120 | 20 21 a4 3e a9 01 00 00
RSP=0x0000004b2dafdbb0 is pointing into the stack for thread: 0x000001a93ea42120
RBP=0x000001a927aef8d0 points into unknown readable memory: 0x000001a927a03e40 | 40 3e a0 27 a9 01 00 00
RSI=0x0 is NULL
RDI=0x000001a93fb1e970 points into unknown readable memory: 0x6c6974752f6e7573 | 73 75 6e 2f 75 74 69 6c
R8 =0x0000004b2dafda28 is pointing into the stack for thread: 0x000001a93ea42120
R9 =0x000001a927aef8d0 points into unknown readable memory: 0x000001a927a03e40 | 40 3e a0 27 a9 01 00 00
R10=0x0 is NULL
R11=0x0000000000000246 is an unknown value
R12=0x000001a93fb1e970 points into unknown readable memory: 0x6c6974752f6e7573 | 73 75 6e 2f 75 74 69 6c
R13=0x0 is NULL
R14=0x0000004b2dafddd0 is pointing into the stack for thread: 0x000001a93ea42120
R15=0x0 is NULL


Registers:
RAX=0x0000000000000000, RBX=0x000001a93ea423c8, RCX=0x0000000000000000, RDX=0x000001a91e899b40
RSP=0x0000004b2dafdbb0, RBP=0x000001a927aef8d0, RSI=0x0000000000000000, RDI=0x000001a93fb1e970
R8 =0x0000004b2dafda28, R9 =0x000001a927aef8d0, R10=0x0000000000000000, R11=0x0000000000000246
R12=0x000001a93fb1e970, R13=0x0000000000000000, R14=0x0000004b2dafddd0, R15=0x0000000000000000
RIP=0x00007ff8021ac194, EFLAGS=0x0000000000010202

Top of Stack: (sp=0x0000004b2dafdbb0)
0x0000004b2dafdbb0:   000001a93fb1e970 000001a93ea423c8
0x0000004b2dafdbc0:   0000000000000561 00007fffbce37fba
0x0000004b2dafdbd0:   0000000000000000 000001a93ea40000
0x0000004b2dafdbe0:   00000008005bb0c0 000001a927aef8d0
0x0000004b2dafdbf0:   000000000000002a 000001a93f928450
0x0000004b2dafdc00:   000001a91e8980f0 000001a93ea42120
0x0000004b2dafdc10:   0000004b2dafde08 00007fffbcf53dfc
0x0000004b2dafdc20:   000001a91e8980f0 000001a93ea42120
0x0000004b2dafdc30:   0000000000000000 0000000000000561
0x0000004b2dafdc40:   000001a93fb1e970 0000000000000000
0x0000004b2dafdc50:   000001a900000561 000001a93fb1e3d0
0x0000004b2dafdc60:   0000004b2dafdd58 0000004b2dafdc78
0x0000004b2dafdc70:   0000000000000000 0000000000000000
0x0000004b2dafdc80:   0000000000000000 0000000000000000
0x0000004b2dafdc90:   000001a93ea40150 000001a93fb1e3c0
0x0000004b2dafdca0:   000001a93fb1e9a0 000001a93fb263a8 

Instructions: (pc=0x00007ff8021ac194)
0x00007ff8021ac094:   00 00 03 72 2d 44 8b ce 48 8d 05 6d e0 01 00 ba
0x00007ff8021ac0a4:   2f 00 00 00 4e 8b 0c c8 48 8b 89 90 02 00 00 4c
0x00007ff8021ac0b4:   8d 05 86 df 01 00 e8 81 50 ff ff 48 8b 0d 1a 39
0x00007ff8021ac0c4:   02 00 48 3b cb 74 68 f6 81 9c 02 00 00 10 74 5f
0x00007ff8021ac0d4:   80 b9 99 02 00 00 02 72 56 4c 8b 8c 24 90 00 00
0x00007ff8021ac0e4:   00 4c 8d 05 54 df 01 00 48 8b 89 90 02 00 00 ba
0x00007ff8021ac0f4:   31 00 00 00 e8 43 50 ff ff eb 34 49 8b 0f 4c 8b
0x00007ff8021ac104:   c3 48 8b d6 e8 d3 63 00 00 48 8b 84 24 b0 00 00
0x00007ff8021ac114:   00 89 18 48 8b 0d 9a 4c 02 00 4c 8b c6 33 d2 ff
0x00007ff8021ac124:   15 b7 50 01 00 eb 08 a8 02 75 04 c6 47 40 01 b8
0x00007ff8021ac134:   ff ff ff ff f0 0f c1 47 10 4c 8b b4 24 88 00 00
0x00007ff8021ac144:   00 83 f8 01 75 42 48 8b 4f 18 48 81 c1 70 01 00
0x00007ff8021ac154:   00 ff 15 4d 51 01 00 48 8b 0f 48 8b 47 08 48 89
0x00007ff8021ac164:   08 48 89 41 08 48 8b 4f 18 48 81 c1 70 01 00 00
0x00007ff8021ac174:   ff 15 36 51 01 00 48 8b 0d 37 4c 02 00 4c 8b c7
0x00007ff8021ac184:   33 d2 ff 15 54 50 01 00 48 8b 4d 20 48 8b 55 10
0x00007ff8021ac194:   48 8b 01 48 8b 80 08 01 00 00 ff 15 3c 51 01 00
0x00007ff8021ac1a4:   85 c0 74 40 48 8b 0d 31 38 02 00 48 8d 15 2a 38
0x00007ff8021ac1b4:   02 00 48 3b ca 74 2d f6 81 9c 02 00 00 10 74 24
0x00007ff8021ac1c4:   80 b9 99 02 00 00 03 72 1b 48 8b 89 90 02 00 00
0x00007ff8021ac1d4:   4c 8d 05 65 de 01 00 ba 15 00 00 00 44 8b c8 e8
0x00007ff8021ac1e4:   98 4e ff ff 48 8b 6c 24 78 48 8b b4 24 80 00 00
0x00007ff8021ac1f4:   00 48 83 c4 50 41 5f 5f 5b c3 cc cc 40 57 48 83
0x00007ff8021ac204:   ec 30 f6 81 78 01 00 00 04 48 8b f9 0f 85 87 02
0x00007ff8021ac214:   00 00 48 89 5c 24 40 45 33 c9 48 89 6c 24 48 33
0x00007ff8021ac224:   d2 48 89 74 24 50 48 8b 71 20 45 8d 41 32 48 8b
0x00007ff8021ac234:   ce 48 8b 06 48 8b 40 08 ff 15 9e 50 01 00 48 8d
0x00007ff8021ac244:   2d 97 37 02 00 85 c0 74 37 48 8b 0d 8c 37 02 00
0x00007ff8021ac254:   48 3b cd 74 2b f6 81 9c 02 00 00 10 74 22 80 b9
0x00007ff8021ac264:   99 02 00 00 02 72 19 48 8b 89 90 02 00 00 ba 11
0x00007ff8021ac274:   00 00 00 89 44 24 20 44 8d 4a 21 e8 7c dc ff ff
0x00007ff8021ac284:   48 8b 06 45 33 c9 33 d2 48 8b ce 48 8b 40 08 45 


Stack slot to memory mapping:
stack at sp + 0 slots: 0x000001a93fb1e970 points into unknown readable memory: 0x6c6974752f6e7573 | 73 75 6e 2f 75 74 69 6c
stack at sp + 1 slots: 0x000001a93ea423c8 points into unknown readable memory: 0x00007fffbd4d0660 | 60 06 4d bd ff 7f 00 00
stack at sp + 2 slots: 